Declarations of the global constants
Declarations of the global library constants
Declarations of the global constants
Declarations of the global library constants
Interface of POU 'F_GENERIC'
Interface of POU 'F_GETNAVSWITCH'
Interface of POU 'F_READDEBUGTIMER'
Interface of POU 'F_STARTDEBUGTIMER'
Interface of POU 'FB_DISPWRITE'
Interface of POU 'FW_ADSADDROUTINGINFO'
Interface of POU 'FW_ADSCLOSE'
Interface of POU 'FW_ADSDELROUTINGINFO'
Interface of POU 'FW_ADSRDWRT'
Interface of POU 'FW_ADSRDWRTIND'
Interface of POU 'FW_ADSRDWRTRES'
Interface of POU 'FW_ADSREAD'
Interface of POU 'FW_ADSREADDEVICEINFO'
Interface of POU 'FW_ADSREADIND'
Interface of POU 'FW_ADSREADRES'
Interface of POU 'FW_ADSREADSTATE'
Interface of POU 'FW_ADSWRITE'
Interface of POU 'FW_ADSWRITECONTROL'
Interface of POU 'FW_ADSWRITEIND'
Interface of POU 'FW_ADSWRITERES'
Interface of POU 'FW_CALLFIRMWAREFB'
Interface of POU 'FW_CALLFIRMWAREFUN'
Interface of POU 'FW_COMMREAD'
Interface of POU 'FW_COMMWRITE'
Interface of POU 'FW_FBCOMCLOSE'
Interface of POU 'FW_FBCOMOPEN'
Interface of POU 'FW_GETNOOFBYTESINRXQ'
Interface of POU 'FW_GETNOOFBYTESINTXQ'
Interface of POU 'FW_GETVERSIONTCBASEBX'
Interface of POU 'FW_MEMCMP'
Interface of POU 'FW_MEMCPY'
Interface of POU 'FW_MEMMOVE'
Interface of POU 'FW_MEMSET'
Interface of POU 'FW_READFROMFILE'
Interface of POU 'FW_RTC'
Interface of POU 'FW_WRITETOFILE'
Interface of POU 'FW_SYSTEMINFOTYPE'
Interface of POU 'FW_SYSTEMTASKINFOTYPE'
Interface of POU 'T_AMSNETID'
Interface of POU 'ADSADDROUTINGINFO'
Interface of POU 'ADSCLOSE'
Interface of POU 'ADSDELROUTINGINFO'
Interface of POU 'T_AMSPORT'
Interface of POU 'ADSRDDEVINFO'
Interface of POU 'ADSRDSTATE'
Interface of POU 'ADSRDWRT'
Interface of POU 'ADSRDWRTEX'
Interface of POU 'ADSRDWRTIND'
Interface of POU 'ADSRDWRTRES'
Interface of POU 'ADSREAD'
Interface of POU 'ADSREADEX'
Interface of POU 'ADSREADIND'
Interface of POU 'ADSREADRES'
Interface of POU 'T_MAXSTRING'
Interface of POU 'ADSREMOTELOGDINT_FPARA'
Interface of POU 'ADSREMOTELOGDINT'
Interface of POU 'ADSREMOTELOGREAL_FPARA'
Interface of POU 'ADSREMOTELOGREAL'
Interface of POU 'ADSREMOTELOGSTR_FPARA'
Interface of POU 'ADSREMOTELOGSTR'
Interface of POU 'ADSWRITE'
Interface of POU 'ADSWRITEIND'
Interface of POU 'ADSWRITERES'
Interface of POU 'ADSWRTCTL'
Interface of POU 'ANALYZEEXPRESSION'
Interface of POU 'APPENDERRORSTRING'
Interface of POU 'STRDEVICETYP'
Interface of POU 'DATABXSECURITY'
Interface of POU 'BX_SECURITY'
Interface of POU 'CLEARBIT32'
Interface of POU 'R_TRIG'
Interface of POU 'CRC_STARTUP'
Interface of POU 'CRCBOOTPROJECT'
Interface of POU 'CSETBIT32'
Interface of POU 'F_TRIG'
Interface of POU 'TON'
Interface of POU 'TOF'
Interface of POU 'DCF77_TIME'
Interface of POU 'GENERICOUTPUTONLY_FPARA'
Interface of POU 'DEFAULT_SETTINGS'
Interface of POU 'ST_RTSC166METRICS'
Interface of POU 'DEVICETYP'
Interface of POU 'DRAND'
Interface of POU 'TIMESTRUCT'
Interface of POU 'DT_TO_SYSTEMTIME'
Interface of POU 'DWORD_TO_HEXSTR'
Interface of POU 'F_COMPORTREAD'
Interface of POU 'F_COMPORTWRITE'
Interface of POU 'F_CREATEAMSNETID'
Interface of POU 'F_GETVERSIONTCSYSTEMBX'
Interface of POU 'F_SWAPREAL'
Interface of POU 'FB_BASICPID'
Interface of POU 'FB_COMPORTCLOSE'
Interface of POU 'E_COMMPORT'
Interface of POU 'E_DATABITS'
Interface of POU 'E_STOPPBITS'
Interface of POU 'E_PARITY'
Interface of POU 'ST_COMCONFIG'
Interface of POU 'FB_COMPORTOPEN'
Interface of POU 'FB_EOF'
Interface of POU 'FB_FILECLOSE'
Interface of POU 'E_OPENPATH'
Interface of POU 'FB_FILEDELETE'
Interface of POU 'FB_FILEGETS'
Interface of POU 'FB_FILEOPEN'
Interface of POU 'FB_FILEPUTS'
Interface of POU 'FB_FILEREAD'
Interface of POU 'FB_FILERENAME'
Interface of POU 'E_SEEKORIGIN'
Interface of POU 'FB_FILESEEK'
Interface of POU 'FB_FILETELL'
Interface of POU 'FB_FILEWRITE'
Interface of POU 'FB_READ_TERMINAL'
Interface of POU 'FB_READFROMFILE'
Interface of POU 'FB_WRITETOFILE'
Interface of POU 'SFCSTEPTYPE'
Interface of POU 'RS'
Interface of POU 'SFCACTIONCONTROL'
Interface of POU 'SFCACTIONTYPE'
Interface of POU 'FB_READWRITEFILE'
Interface of POU 'FIRMWAREVERSION'
Interface of POU 'FIRMWAREVERSIONSTRING'
Interface of POU 'FUN_BX_LARGE_MODELL'
Interface of POU 'GETBIT32'
Interface of POU 'GETFBUSSTATUS'
Interface of POU 'GETRTSC166METRICS'
Interface of POU 'GETSYSINFO'
Interface of POU 'GETSYSTICK'
Interface of POU 'GETTBUSSTATUS'
Interface of POU 'MEMCMP'
Interface of POU 'MEMCPY'
Interface of POU 'MEMMOVE'
Interface of POU 'MEMSET'
Interface of POU 'OTSTRUCT'
Interface of POU 'OTSTRUCT_TO_TIME'
Interface of POU 'PERSISTENT_DATA'
Interface of POU 'PRESETSYSTICK_FPARA'
Interface of POU 'PRESETSYSTICK'
Interface of POU 'READ_DIAGNOSE'
Interface of POU 'READSLAVEADDRESS'
Interface of POU 'READWRITETERMINALREG'
Interface of POU 'REBOOT'
Interface of POU 'RTC'
Interface of POU 'SETBIT32'
Interface of POU 'SYSTEMTIME_TO_DT'
Interface of POU 'TIME_TO_OTSTRUCT'
Interface of POU 'TRIGTBUSCYCLE_FPARA'
Interface of POU 'TRIGTBUSCYCLE'
Interface of POU 'E_CX1000_DISPLAYMODES'
Interface of POU 'CONCAT'
Interface of POU 'CTD'
Interface of POU 'CTU'
Interface of POU 'CTUD'
Interface of POU 'DELETE'
Interface of POU 'FIND'
Interface of POU 'INSERT'
Interface of POU 'LEFT'
Interface of POU 'LEN'
Interface of POU 'MID'
Interface of POU 'REPLACE'
Interface of POU 'RIGHT'
Interface of POU 'SEMA'
Interface of POU 'SR'
Interface of POU 'TP'
Interface of POU 'DINT_TO_EIB_4OCTETSIGN'
Interface of POU 'EIB_GROUP_ADDR'
Interface of POU 'EIB_ERROR_CODE'
Interface of POU 'EIB_REC'
Interface of POU 'EIB_2OCTET_FLOAT_REC'
Interface of POU 'EIB_PRIORITY'
Interface of POU 'EIB_SEND'
Interface of POU 'EIB_2OCTET_FLOAT_SEND'
Interface of POU 'EIB_ALL_DATA_TYPES_REC'
Interface of POU 'EIB_2OCTET_FLOAT_SEND_EX'
Interface of POU 'EIB_2OCTET_SIGN_REC'
Interface of POU 'EIB_2OCTET_SIGN_SEND'
Interface of POU 'EIB_2OCTET_UNSIGN_REC'
Interface of POU 'EIB_2OCTET_UNSIGN_SEND'
Interface of POU 'EIB_3BIT_CONTROL_REC'
Interface of POU 'EIB_3BIT_CONTROL_SEND'
Interface of POU 'EIB_4OCTET_FLOAT_REC'
Interface of POU 'EIB_4OCTET_FLOAT_SEND'
Interface of POU 'EIB_4OCTET_FLOAT_SEND_EX'
Interface of POU 'EIB_4OCTET_SIGN_REC'
Interface of POU 'EIB_4OCTET_SIGN_SEND'
Interface of POU 'EIB_4OCTET_SIGN_SEND_EX'
Interface of POU 'EIB_4OCTET_UNSIGN_REC'
Interface of POU 'EIB_4OCTET_UNSIGN_SEND'
Interface of POU 'EIB_4OCTETSIGN_TO_DINT'
Interface of POU 'EIB_4OCTETUNSIGN_TO_UDINT'
Interface of POU 'EIB_8BIT_SIGN_REC'
Interface of POU 'EIB_8BIT_SIGN_SEND'
Interface of POU 'EIB_8BIT_SIGN_SEND_EX'
Interface of POU 'EIB_8BIT_UNSIGN_REC'
Interface of POU 'EIB_8BIT_UNSIGN_SEND'
Interface of POU 'EIB_8BIT_UNSIGN_SEND_EX'
Interface of POU 'EIB_ALL_DATA_TYPES_REC_EX'
Interface of POU 'EIB_ALL_DATA_TYPES_SEND'
Interface of POU 'EIB_BIT_CONTROL_REC'
Interface of POU 'EIB_BIT_CONTROL_SEND'
Interface of POU 'EIB_BIT_REC'
Interface of POU 'EIB_BIT_SEND'
Interface of POU 'EIB_BIT_SEND_EX'
Interface of POU 'EIB_BIT_SEND_MANUAL'
Interface of POU 'EIB_DATE_REC'
Interface of POU 'EIB_DATE_SEND'
Interface of POU 'EIB_FLOAT_TO_REAL'
Interface of POU 'EIB_READ_SEND'
Interface of POU 'EIB_STRING_TO_STRING'
Interface of POU 'EIB_TIME_REC'
Interface of POU 'EIB_TIME_SEND'
Interface of POU 'EIB_TWO_OCTET_FLOAT_VALUE_TO_REAL'
Interface of POU 'EIB_GROUP_ADDR_2GROUP'
Interface of POU 'F_CONV_2GROUP_TO_3GROUP'
Interface of POU 'F_CONV_3GROUP_TO_2GROUP'
Interface of POU 'F_GETVERSIONTCEIB'
Interface of POU 'EIB_READ_TYP'
Interface of POU 'EIB_PHYS_ADDR'
Interface of POU 'EIB_GROUP_FILTER'
Interface of POU 'KL6301'
Interface of POU 'KL6301_PROFESSIONAL'
Interface of POU 'REAL_TO_EIB_FLOAT'
Interface of POU 'REAL_TO_TWO_OCTET_FLOAT_VALUE'
Interface of POU 'STRING_TO_EIB_STRING'
Interface of POU 'UDINT_TO_EIB_4OCTETUNSIGN'
Interface of POU 'EIB_SEND_DATA'
Interface of POU 'C_TO_F'
Interface of POU 'C_TO_K'
Interface of POU 'C_TO_R'
Interface of POU 'F_GETVERSIONTCBABASIC'
Interface of POU 'F_SCALE'
Interface of POU 'F_TO_C'
Interface of POU 'F_TO_K'
Interface of POU 'F_TO_R'
Interface of POU 'FB_CALCFEDERALHOLIDAYSUS'
Interface of POU 'FB_CALCPUBLICHOLIDAYSDE'
Interface of POU 'FB_CALCPUBLICHOLIDAYSUS'
Interface of POU 'FB_CALCSUNPOSITION'
Interface of POU 'FB_CONSTANTLIGHTCONTROLECO'
Interface of POU 'ST_STARTEND'
Interface of POU 'E_STARTEND'
Interface of POU 'FB_STARTEND'
Interface of POU 'FB_DAILYSCHEDULER'
Interface of POU 'FB_DIMMER1SWITCH'
Interface of POU 'FB_DIMMER1SWITCHECO'
Interface of POU 'FB_DIMMER2SWITCH'
Interface of POU 'FB_DIMMER2SWITCHECO'
Interface of POU 'FB_DIMMER3SWITCH'
Interface of POU 'FB_LIGHT'
Interface of POU 'ST_CONTROLTABLE'
Interface of POU 'FB_RAMP'
Interface of POU 'FB_LIGHTCONTROL'
Interface of POU 'ST_MDCLOADPARAMETERS'
Interface of POU 'ST_MDCINDATAKL1501'
Interface of POU 'ST_MDCOUTDATAKL1501'
Interface of POU 'FB_MAXIMUMDEMANDCONTROLLER'
Interface of POU 'FB_MONTHLYSCHEDULER1'
Interface of POU 'FB_MONTHLYSCHEDULER2'
Interface of POU 'FB_PT1'
Interface of POU 'FB_PT2'
Interface of POU 'FB_ROOFWINDOW'
Interface of POU 'ST_SEQUENCETABLE'
Interface of POU 'FB_SEQUENCER'
Interface of POU 'FB_SHORTLONGCLICK'
Interface of POU 'FB_SIGNALLINGCONTACT'
Interface of POU 'FB_SINGLEDOUBLECLICK'
Interface of POU 'FB_STAIRWELLDIMMER'
Interface of POU 'FB_STAIRWELLLIGHT'
Interface of POU 'FB_THRESHOLDSWITCH'
Interface of POU 'FB_VENETIANBLIND'
Interface of POU 'FB_VENETIANBLINDEX'
Interface of POU 'FB_VENETIANBLINDEX1SWITCH'
Interface of POU 'FB_WEEKLYSCHEDULER'
Interface of POU 'FB_WEEKLYTIMESWITCH'
Interface of POU 'FB_YEARLYSCHEDULER'
Interface of POU 'FUN_DAYOFYEAR'
Interface of POU 'FUN_VALIDDAYOFMONTH'
Interface of POU 'FUN_WEEKOFYEAR'
Interface of POU 'K_TO_C'
Interface of POU 'K_TO_F'
Interface of POU 'K_TO_R'
Interface of POU 'R_TO_C'
Interface of POU 'R_TO_F'
Interface of POU 'R_TO_K'
Interface of POU 'ADS_COMMUNICATION'
Interface of POU 'EIB'
Interface of POU 'ENGINEERING'
Interface of POU 'LIGHT'
Interface of POU 'MAIN'
Declarations of the global variables
Data allocation
Check task configuration
Library 'TcBaseBX.lbx 10.5.06 08:50:20'
Library 'standard.lbx 5.12.03 08:02:30'
Generating prolog
Implementation of POU 'AdsAddRoutingInfo'
Implementation of POU 'ADSCLOSE'
Implementation of POU 'AdsDelRoutingInfo'
Implementation of POU 'AdsRdDevInfo'
Implementation of POU 'AdsRdState'
Implementation of POU 'ADSRDWRT'
Implementation of POU 'ADSRDWRTEX'
Implementation of POU 'ADSRDWRTIND'
Implementation of POU 'ADSRDWRTRES'
Implementation of POU 'ADSREAD'
Implementation of POU 'ADSREADEX'
Implementation of POU 'ADSREADIND'
Implementation of POU 'ADSREADRES'
Implementation of POU 'AdsRemoteLogDINT'
Implementation of POU 'AdsRemoteLogREAL'
Implementation of POU 'AdsRemoteLogSTR'
Implementation of POU 'ADSWRITE'
Implementation of POU 'ADSWRITEIND'
Implementation of POU 'ADSWRITERES'
Implementation of POU 'AdsWrtCtl'
Implementation of POU 'AnalyzeExpression'
Implementation of POU 'AppendErrorString'
Implementation of POU 'BX_Security'
Implementation of POU 'CLEARBIT32'
Implementation of POU 'CRC_StartUp'
Implementation of POU 'CRCBootproject'
Implementation of POU 'CSETBIT32'
Implementation of POU 'DCF77_TIME'
Implementation of POU 'Default_Settings'
Implementation of POU 'DeviceTyp'
Implementation of POU 'DRAND'
Implementation of POU 'DT_TO_SYSTEMTIME'
Implementation of POU 'DWORD_TO_HEXSTR'
Implementation of POU 'F_COMPortRead'
Implementation of POU 'F_COMPortWrite'
Implementation of POU 'F_CreateAmsNetId'
Implementation of POU 'F_GetVersionTcSystemBX'
Implementation of POU 'F_SwapReal'
Implementation of POU 'FB_BasicPID'
Implementation of POU 'FB_COMPortClose'
Implementation of POU 'FB_COMPortOpen'
Implementation of POU 'FB_EOF'
Implementation of POU 'FB_FileClose'
Implementation of POU 'FB_FileDelete'
Implementation of POU 'FB_FileGets'
Implementation of POU 'FB_FileOpen'
Implementation of POU 'FB_FilePuts'
Implementation of POU 'FB_FileRead'
Implementation of POU 'FB_FileRename'
Implementation of POU 'FB_FileSeek'
Implementation of POU 'FB_FileTell'
Implementation of POU 'FB_FileWrite'
Implementation of POU 'FB_Read_Terminal'
Implementation of POU 'FB_ReadFromFile'
Implementation of POU 'fb_ReadWriteFile'
Implementation of POU 'fb_ReadWriteFile.ActionRead'
Implementation of POU 'fb_ReadWriteFile.ActionWrite'
Implementation of POU 'fb_ReadWriteFile.Begin'
Implementation of POU 'fb_ReadWriteFile.END_RW'
Implementation of POU 'FB_WriteToFile'
Implementation of POU 'FirmwareVersion'
Implementation of POU 'FirmwareVersionString'
Implementation of POU 'FUN_BX_LARGE_MODELL'
Implementation of POU 'GETBIT32'
Implementation of POU 'GetFBusStatus'
Implementation of POU 'GetRTSc166Metrics'
Implementation of POU 'GetSysInfo'
Implementation of POU 'GetSysTick'
Implementation of POU 'GetTBusStatus'
Implementation of POU 'MEMCMP'
Implementation of POU 'MEMCPY'
Implementation of POU 'MEMMOVE'
Implementation of POU 'MEMSET'
Implementation of POU 'OTSTRUCT_TO_TIME'
Implementation of POU 'Persistent_Data'
Implementation of POU 'PresetSysTick'
Implementation of POU 'Read_Diagnose'
Implementation of POU 'ReadSlaveAddress'
Implementation of POU 'ReadWriteTerminalReg'
Implementation of POU 'Reboot'
Implementation of POU 'RTC'
Implementation of POU 'SETBIT32'
Implementation of POU 'SFCActionControl'
Implementation of POU 'SYSTEMTIME_TO_DT'
Implementation of POU 'TIME_TO_OTSTRUCT'
Implementation of POU 'TrigTBusCycle'
Implementation of POU 'DINT_TO_EIB_4OctetSign'
Implementation of POU 'EIB_2OCTET_FLOAT_REC'
Implementation of POU 'EIB_2OCTET_FLOAT_SEND'
Implementation of POU 'EIB_2OCTET_FLOAT_SEND_EX'
Implementation of POU 'EIB_2OCTET_SIGN_REC'
Implementation of POU 'EIB_2OCTET_SIGN_SEND'
Implementation of POU 'EIB_2OCTET_UNSIGN_REC'
Implementation of POU 'EIB_2OCTET_UNSIGN_SEND'
Implementation of POU 'EIB_3BIT_CONTROL_REC'
Implementation of POU 'EIB_3BIT_CONTROL_SEND'
Implementation of POU 'EIB_4OCTET_FLOAT_REC'
Implementation of POU 'EIB_4OCTET_FLOAT_SEND'
Implementation of POU 'EIB_4OCTET_FLOAT_SEND_EX'
Implementation of POU 'EIB_4OCTET_SIGN_REC'
Implementation of POU 'EIB_4OCTET_SIGN_SEND'
Implementation of POU 'EIB_4OCTET_SIGN_SEND_EX'
Implementation of POU 'EIB_4OCTET_UNSIGN_REC'
Implementation of POU 'EIB_4OCTET_UNSIGN_SEND'
Implementation of POU 'EIB_4OctetSign_TO_DINT'
Implementation of POU 'EIB_4OctetUnsign_TO_UDINT'
Implementation of POU 'EIB_8BIT_SIGN_REC'
Implementation of POU 'EIB_8BIT_SIGN_SEND'
Implementation of POU 'EIB_8BIT_SIGN_SEND_EX'
Implementation of POU 'EIB_8BIT_UNSIGN_REC'
Implementation of POU 'EIB_8BIT_UNSIGN_SEND'
Implementation of POU 'EIB_8BIT_UNSIGN_SEND_EX'
Implementation of POU 'EIB_ALL_DATA_TYPES_REC'
Implementation of POU 'EIB_ALL_DATA_TYPES_REC_Ex'
Implementation of POU 'EIB_ALL_DATA_TYPES_SEND'
Implementation of POU 'EIB_BIT_CONTROL_REC'
Implementation of POU 'EIB_BIT_CONTROL_SEND'
Implementation of POU 'EIB_BIT_REC'
Implementation of POU 'EIB_BIT_SEND'
Implementation of POU 'EIB_BIT_SEND_EX'
Implementation of POU 'EIB_BIT_SEND_MANUAL'
Implementation of POU 'EIB_DATE_REC'
Implementation of POU 'EIB_DATE_SEND'
Implementation of POU 'EIB_FLOAT_TO_REAL'
Implementation of POU 'EIB_READ_SEND'
Implementation of POU 'EIB_STRING_TO_STRING'
Implementation of POU 'EIB_TIME_REC'
Implementation of POU 'EIB_TIME_SEND'
Implementation of POU 'EIB_Two_Octet_Float_Value_TO_REAL'
Implementation of POU 'F_CONV_2GROUP_TO_3GROUP'
Implementation of POU 'F_CONV_3GROUP_TO_2GROUP'
Implementation of POU 'F_GetVersionTcEIB'
Implementation of POU 'KL6301'
Implementation of POU 'KL6301.Receive'
Implementation of POU 'KL6301.Send'
Implementation of POU 'KL6301_Professional'
Implementation of POU 'KL6301_Professional.Receive'
Implementation of POU 'KL6301_Professional.SEND'
Implementation of POU 'REAL_TO_EIB_FLOAT'
Implementation of POU 'REAL_TO_Two_Octet_Float_Value'
Implementation of POU 'STRING_TO_EIB_STRING'
Implementation of POU 'UDINT_TO_EIB_4OctetUnsign'
Implementation of POU 'C_TO_F'
Implementation of POU 'C_TO_K'
Implementation of POU 'C_TO_R'
Implementation of POU 'F_GetVersionTcBABasic'
Implementation of POU 'F_Scale'
Implementation of POU 'F_TO_C'
Implementation of POU 'F_TO_K'
Implementation of POU 'F_TO_R'
Implementation of POU 'FB_CalcFederalHolidaysUS'
Implementation of POU 'FB_CalcPublicHolidaysDE'
Implementation of POU 'FB_CalcPublicHolidaysUS'
Implementation of POU 'FB_CalcSunPosition'
Implementation of POU 'FB_ConstantLightControlEco'
Implementation of POU 'FB_DailyScheduler'
Implementation of POU 'FB_Dimmer1Switch'
Implementation of POU 'FB_Dimmer1SwitchEco'
Implementation of POU 'FB_Dimmer2Switch'
Implementation of POU 'FB_Dimmer2SwitchEco'
Implementation of POU 'FB_Dimmer3Switch'
Implementation of POU 'FB_Light'
Implementation of POU 'FB_LightControl'
Implementation of POU 'FB_LightControl.TableCalculations'
Implementation of POU 'FB_MaximumDemandController'
Implementation of POU 'FB_MonthlyScheduler1'
Implementation of POU 'FB_MonthlyScheduler2'
Implementation of POU 'FB_PT1'
Implementation of POU 'FB_PT2'
Implementation of POU 'FB_Ramp'
Implementation of POU 'FB_RoofWindow'
Implementation of POU 'FB_Sequencer'
Implementation of POU 'FB_ShortLongClick'
Implementation of POU 'FB_SignallingContact'
Implementation of POU 'FB_SingleDoubleClick'
Implementation of POU 'FB_StairwellDimmer'
Implementation of POU 'FB_StairwellLight'
Implementation of POU 'FB_StartEnd'
Implementation of POU 'FB_ThresholdSwitch'
Implementation of POU 'FB_VenetianBlind'
Implementation of POU 'FB_VenetianBlindEx'
Implementation of POU 'FB_VenetianBlindEx1Switch'
Implementation of POU 'FB_WeeklyScheduler'
Implementation of POU 'FB_WeeklyTimeSwitch'
Implementation of POU 'FB_YearlyScheduler'
Implementation of POU 'FUN_DayOfYear'
Implementation of POU 'FUN_ValidDayOfMonth'
Implementation of POU 'FUN_WeekOfYear'
Implementation of POU 'K_TO_C'
Implementation of POU 'K_TO_F'
Implementation of POU 'K_TO_R'
Implementation of POU 'R_TO_C'
Implementation of POU 'R_TO_F'
Implementation of POU 'R_TO_K'
Implementation of POU 'ADS_Communication'
Implementation of POU 'EIB'
Implementation of POU 'EIB.gym_and_outside'
Implementation of POU 'engineering'
Implementation of POU 'Light'
Implementation of POU 'Light.knx_triggers'
Implementation of POU 'Light.outsideLight'
Implementation of POU 'Light.switches'
Error 4001: Light.switches (31): Identifier 'SW_09_1' not defined
Error 4332: Light.switches (31): Expression expected at input 'bSwitch' of the box 'FB_ShortLongClick'
Implementation of POU 'MAIN'
Implementation of POU 'MAIN.write_ADSdata'
Implementation of the task configuration
