Declarations of the global constants
Declarations of the global library constants
Declarations of the global constants
Declarations of the global library constants
Interface of POU 'SHTORY_KABINET'
Interface of POU 'SHTORY_KINO'
Declarations of the global variables
Data allocation
Check task configuration
Library 'TcAdsBC.lb6 5.7.02 13:03:02'
Library 'STANDARD.LB6 5.6.98 13:03:02'
Generating prolog
Implementation of POU 'shtory_kabinet'
Error 4001: shtory_kabinet (67): Identifier 'KABINET_SHTORY_OPEN' not defined
Error 4001: shtory_kabinet (67): Identifier 'KABINET_SHTORY_OPEN' not defined
Error 4001: shtory_kabinet (68): Identifier 'KABINET_SHTORY_CLOSE' not defined
Error 4001: shtory_kabinet (68): Identifier 'KABINET_SHTORY_CLOSE' not defined
Error 4001: shtory_kabinet (72): Identifier 'KABINET_SHTORY_CLOSE' not defined
Error 4001: shtory_kabinet (72): Identifier 'KABINET_SHTORY_CLOSE' not defined
Error 4001: shtory_kabinet (73): Identifier 'KABINET_SHTORY_OPEN' not defined
Error 4001: shtory_kabinet (73): Identifier 'KABINET_SHTORY_OPEN' not defined
Error 4001: shtory_kabinet (81): Identifier 'KABINET_TUL_OPEN' not defined
Error 4001: shtory_kabinet (81): Identifier 'KABINET_TUL_OPEN' not defined
Error 4001: shtory_kabinet (82): Identifier 'KABINET_TUL_CLOSE' not defined
Error 4001: shtory_kabinet (82): Identifier 'KABINET_TUL_CLOSE' not defined
Error 4001: shtory_kabinet (85): Identifier 'KABINET_TUL_CLOSE' not defined
Error 4001: shtory_kabinet (85): Identifier 'KABINET_TUL_CLOSE' not defined
Error 4001: shtory_kabinet (86): Identifier 'KABINET_TUL_OPEN' not defined
Error 4001: shtory_kabinet (86): Identifier 'KABINET_TUL_OPEN' not defined
Implementation of POU 'shtory_kino'
Error 4001: shtory_kino (66): Identifier 'KINO_SHTORY_OPEN' not defined
Error 4001: shtory_kino (66): Identifier 'KINO_SHTORY_OPEN' not defined
Error 4001: shtory_kino (67): Identifier 'KINO_SHTORY_CLOSE' not defined
Error 4001: shtory_kino (67): Identifier 'KINO_SHTORY_CLOSE' not defined
Error 4001: shtory_kino (71): Identifier 'KINO_SHTORY_CLOSE' not defined
Error 4001: shtory_kino (71): Identifier 'KINO_SHTORY_CLOSE' not defined
Error 4001: shtory_kino (72): Identifier 'KINO_SHTORY_OPEN' not defined
Error 4001: shtory_kino (72): Identifier 'KINO_SHTORY_OPEN' not defined
Error 4001: shtory_kino (80): Identifier 'KINO_TUL_OPEN' not defined
Error 4001: shtory_kino (80): Identifier 'KINO_TUL_OPEN' not defined
Error 4001: shtory_kino (81): Identifier 'KINO_TUL_CLOSE' not defined
Error 4001: shtory_kino (81): Identifier 'KINO_TUL_CLOSE' not defined
Error 4001: shtory_kino (84): Identifier 'KINO_TUL_CLOSE' not defined
Error 4001: shtory_kino (84): Identifier 'KINO_TUL_CLOSE' not defined
Error 4001: shtory_kino (85): Identifier 'KINO_TUL_OPEN' not defined
Error 4001: shtory_kino (85): Identifier 'KINO_TUL_OPEN' not defined
Implementation of POU 'MAIN'
